Started GET "/" for ::1 at 2024-09-15 22:55:45 +0900
Processing by Rails::WelcomeController#index as HTML
  Rendering c:/Ruby33-x64/lib/ruby/gems/3.3.0/gems/railties-7.0.8.4/lib/rails/templates/rails/welcome/index.html.erb
  Rendered c:/Ruby33-x64/lib/ruby/gems/3.3.0/gems/railties-7.0.8.4/lib/rails/templates/rails/welcome/index.html.erb (Duration: 6.3ms | Allocations: 679)
Completed 200 OK in 113ms (Views: 26.2ms | ActiveRecord: 0.0ms | Allocations: 8135)


  [1m[35m (5.7ms)[0m  [1m[35mCREATE TABLE "schema_migrations" ("version" varchar NOT NULL PRIMARY KEY)[0m
  [1m[35m (3.8ms)[0m  [1m[35mCREATE TABLE "ar_internal_metadata" ("key" varchar NOT NULL PRIMARY KEY, "value" varchar, "created_at" datetime(6) NOT NULL, "updated_at" datetime(6) NOT NULL)[0m
  [1m[36mActiveRecord::SchemaMigration Pluck (0.2ms)[0m  [1m[34mSELECT "schema_migrations"."version" FROM "schema_migrations" ORDER BY "schema_migrations"."version" ASC[0m
Migrating to CreateUsers (20240916013200)
  [1m[36mTRANSACTION (0.1ms)[0m  [1m[36mbegin transaction[0m
  [1m[35m (0.9ms)[0m  [1m[35mCREATE TABLE "users" ("id" integer PRIMARY KEY AUTOINCREMENT NOT NULL, "name" varchar, "email" varchar, "created_at" datetime(6) NOT NULL, "updated_at" datetime(6) NOT NULL)[0m
  [1m[36mActiveRecord::SchemaMigration Create (0.6ms)[0m  [1m[32mINSERT INTO "schema_migrations" ("version") VALUES (?)[0m  [["version", "20240916013200"]]
  [1m[36mTRANSACTION (3.6ms)[0m  [1m[36mcommit transaction[0m
  [1m[36mActiveRecord::InternalMetadata Load (0.2ms)[0m  [1m[34mSELECT "ar_internal_metadata".* FROM "ar_internal_metadata" WHERE "ar_internal_metadata"."key" = ? LIMIT ?[0m  [["key", "environment"], ["LIMIT", 1]]
  [1m[36mTRANSACTION (0.1ms)[0m  [1m[36mbegin transaction[0m
  [1m[36mActiveRecord::InternalMetadata Create (1.1ms)[0m  [1m[32mINSERT INTO "ar_internal_metadata" ("key", "value", "created_at", "updated_at") VALUES (?, ?, ?, ?)[0m  [["key", "environment"], ["value", "development"], ["created_at", "2024-09-16 01:32:20.617349"], ["updated_at", "2024-09-16 01:32:20.617349"]]
  [1m[36mTRANSACTION (3.4ms)[0m  [1m[36mcommit transaction[0m
  [1m[36mActiveRecord::SchemaMigration Pluck (0.1ms)[0m  [1m[34mSELECT "schema_migrations"."version" FROM "schema_migrations" ORDER BY "schema_migrations"."version" ASC[0m
Started GET "/users/2" for ::1 at 2024-09-16 10:33:27 +0900
  [1m[36mActiveRecord::SchemaMigration Pluck (0.1ms)[0m  [1m[34mSELECT "schema_migrations"."version" FROM "schema_migrations" ORDER BY "schema_migrations"."version" ASC[0m
Processing by UsersController#show as HTML
  Parameters: {"id"=>"2"}
  [1m[36mUser Load (0.2ms)[0m  [1m[34mSELECT "users".* FROM "users" WHERE "users"."id" = ? LIMIT ?[0m  [["id", 2], ["LIMIT", 1]]
  â†³ app/controllers/users_controller.rb:63:in `set_user'
Completed 404 Not Found in 69ms (ActiveRecord: 1.1ms | Allocations: 5488)


  
ActiveRecord::RecordNotFound (Couldn't find User with 'id'=2):
  
app/controllers/users_controller.rb:63:in `set_user'
Started GET "/users/" for ::1 at 2024-09-16 10:33:28 +0900
Processing by UsersController#index as HTML
  Rendering layout layouts/application.html.erb
  Rendering users/index.html.erb within layouts/application
  [1m[36mUser Load (0.3ms)[0m  [1m[34mSELECT "users".* FROM "users"[0m
  â†³ app/views/users/index.html.erb:6
  Rendered users/index.html.erb within layouts/application (Duration: 3.1ms | Allocations: 1021)
  Rendered layout layouts/application.html.erb (Duration: 763.0ms | Allocations: 71828)
Completed 500 Internal Server Error in 777ms (ActiveRecord: 0.3ms | Allocations: 72811)


  
ActionView::Template::Error (Permission denied @ rb_file_s_rename - (C:/Users/cyoko/rails_tutorial/rails_app3/toy_app/tmp/cache/assets/sprockets/v4.0.0/o6/o6I06r-2eZkWBd7xpCmNGhKCi5VHsq4N1ato5zlvBHA.cache.22920.10572.152222, C:/Users/cyoko/rails_tutorial/rails_app3/toy_app/tmp/cache/assets/sprockets/v4.0.0/o6/o6I06r-2eZkWBd7xpCmNGhKCi5VHsq4N1ato5zlvBHA.cache)):
  
sprockets (4.2.1) lib/sprockets/path_utils.rb:362:in `rename'
sprockets (4.2.1) lib/sprockets/path_utils.rb:362:in `atomic_write'
sprockets (4.2.1) lib/sprockets/cache/file_store.rb:112:in `set'
sprockets (4.2.1) lib/sprockets/cache.rb:227:in `set'
sprockets (4.2.1) lib/sprockets/cache.rb:143:in `set'
sprockets (4.2.1) lib/sprockets/loader.rb:343:in `fetch_asset_from_dependency_cache'
sprockets (4.2.1) lib/sprockets/loader.rb:43:in `load'
sprockets (4.2.1) lib/sprockets/cached_environment.rb:44:in `block in load'
concurrent-ruby (1.3.4) lib/concurrent-ruby/concurrent/map.rb:207:in `block in fetch_or_store'
concurrent-ruby (1.3.4) lib/concurrent-ruby/concurrent/map.rb:187:in `fetch'
concurrent-ruby (1.3.4) lib/concurrent-ruby/concurrent/map.rb:206:in `fetch_or_store'
sprockets (4.2.1) lib/sprockets/cached_environment.rb:44:in `load'
sprockets (4.2.1) lib/sprockets/bundle.rb:27:in `call'
sprockets (4.2.1) lib/sprockets/processor_utils.rb:84:in `call_processor'
sprockets (4.2.1) lib/sprockets/processor_utils.rb:66:in `block in call_processors'
sprockets (4.2.1) lib/sprockets/processor_utils.rb:65:in `reverse_each'
sprockets (4.2.1) lib/sprockets/processor_utils.rb:65:in `call_processors'
sprockets (4.2.1) lib/sprockets/loader.rb:184:in `load_from_unloaded'
sprockets (4.2.1) lib/sprockets/loader.rb:59:in `block in load'
sprockets (4.2.1) lib/sprockets/loader.rb:339:in `fetch_asset_from_dependency_cache'
sprockets (4.2.1) lib/sprockets/loader.rb:43:in `load'
sprockets (4.2.1) lib/sprockets/cached_environment.rb:44:in `block in load'
concurrent-ruby (1.3.4) lib/concurrent-ruby/concurrent/map.rb:207:in `block in fetch_or_store'
concurrent-ruby (1.3.4) lib/concurrent-ruby/concurrent/map.rb:187:in `fetch'
concurrent-ruby (1.3.4) lib/concurrent-ruby/concurrent/map.rb:206:in `fetch_or_store'
sprockets (4.2.1) lib/sprockets/cached_environment.rb:44:in `load'
sprockets (4.2.1) lib/sprockets/bundle.rb:32:in `block in call'
c:/Ruby33-x64/lib/ruby/3.3.0/set.rb:501:in `each_key'
c:/Ruby33-x64/lib/ruby/3.3.0/set.rb:501:in `each'
sprockets (4.2.1) lib/sprockets/bundle.rb:31:in `call'
sprockets (4.2.1) lib/sprockets/processor_utils.rb:84:in `call_processor'
sprockets (4.2.1) lib/sprockets/processor_utils.rb:66:in `block in call_processors'
sprockets (4.2.1) lib/sprockets/processor_utils.rb:65:in `reverse_each'
sprockets (4.2.1) lib/sprockets/processor_utils.rb:65:in `call_processors'
sprockets (4.2.1) lib/sprockets/loader.rb:184:in `load_from_unloaded'
sprockets (4.2.1) lib/sprockets/loader.rb:59:in `block in load'
sprockets (4.2.1) lib/sprockets/loader.rb:339:in `fetch_asset_from_dependency_cache'
sprockets (4.2.1) lib/sprockets/loader.rb:43:in `load'
sprockets (4.2.1) lib/sprockets/cached_environment.rb:44:in `block in load'
concurrent-ruby (1.3.4) lib/concurrent-ruby/concurrent/map.rb:207:in `block in fetch_or_store'
concurrent-ruby (1.3.4) lib/concurrent-ruby/concurrent/map.rb:187:in `fetch'
concurrent-ruby (1.3.4) lib/concurrent-ruby/concurrent/map.rb:206:in `fetch_or_store'
sprockets (4.2.1) lib/sprockets/cached_environment.rb:44:in `load'
sprockets (4.2.1) lib/sprockets/base.rb:81:in `find_asset'
sprockets (4.2.1) lib/sprockets/base.rb:88:in `find_all_linked_assets'
sprockets (4.2.1) lib/sprockets/manifest.rb:125:in `each'
sprockets (4.2.1) lib/sprockets/manifest.rb:125:in `to_a'
sprockets (4.2.1) lib/sprockets/manifest.rb:125:in `block (2 levels) in find'
concurrent-ruby (1.3.4) lib/concurrent-ruby/concurrent/executor/safe_task_executor.rb:24:in `block in execute'
concurrent-ruby (1.3.4) lib/concurrent-ruby/concurrent/synchronization/mutex_lockable_object.rb:48:in `block in synchronize'
concurrent-ruby (1.3.4) lib/concurrent-ruby/concurrent/synchronization/mutex_lockable_object.rb:48:in `synchronize'
concurrent-ruby (1.3.4) lib/concurrent-ruby/concurrent/synchronization/mutex_lockable_object.rb:48:in `synchronize'
concurrent-ruby (1.3.4) lib/concurrent-ruby/concurrent/executor/safe_task_executor.rb:22:in `execute'
concurrent-ruby (1.3.4) lib/concurrent-ruby/concurrent/promise.rb:564:in `block in realize'
concurrent-ruby (1.3.4) lib/concurrent-ruby/concurrent/executor/ruby_thread_pool_executor.rb:359:in `run_task'
concurrent-ruby (1.3.4) lib/concurrent-ruby/concurrent/executor/ruby_thread_pool_executor.rb:350:in `block (3 levels) in create_worker'
<internal:kernel>:187:in `loop'
concurrent-ruby (1.3.4) lib/concurrent-ruby/concurrent/executor/ruby_thread_pool_executor.rb:341:in `block (2 levels) in create_worker'
concurrent-ruby (1.3.4) lib/concurrent-ruby/concurrent/executor/ruby_thread_pool_executor.rb:340:in `catch'
concurrent-ruby (1.3.4) lib/concurrent-ruby/concurrent/executor/ruby_thread_pool_executor.rb:340:in `block in create_worker'
Started GET "/users" for ::1 at 2024-09-16 10:33:50 +0900
Processing by UsersController#index as HTML
  Rendering layout layouts/application.html.erb
  Rendering users/index.html.erb within layouts/application
  [1m[36mUser Load (0.1ms)[0m  [1m[34mSELECT "users".* FROM "users"[0m
  â†³ app/views/users/index.html.erb:6
  Rendered users/index.html.erb within layouts/application (Duration: 1.5ms | Allocations: 638)
  Rendered layout layouts/application.html.erb (Duration: 66.1ms | Allocations: 30772)
Completed 200 OK in 70ms (Views: 66.8ms | ActiveRecord: 0.1ms | Allocations: 31108)


Started GET "/users/new" for ::1 at 2024-09-16 10:33:53 +0900
Processing by UsersController#new as HTML
  Rendering layout layouts/application.html.erb
  Rendering users/new.html.erb within layouts/application
  Rendered users/_form.html.erb (Duration: 40.9ms | Allocations: 2832)
  Rendered users/new.html.erb within layouts/application (Duration: 42.9ms | Allocations: 3128)
  Rendered layout layouts/application.html.erb (Duration: 47.2ms | Allocations: 4426)
Completed 200 OK in 238ms (Views: 48.2ms | ActiveRecord: 0.0ms | Allocations: 20633)


Started GET "/users" for ::1 at 2024-09-16 10:34:05 +0900
Processing by UsersController#index as HTML
  Rendering layout layouts/application.html.erb
  Rendering users/index.html.erb within layouts/application
  [1m[36mUser Load (0.2ms)[0m  [1m[34mSELECT "users".* FROM "users"[0m
  â†³ app/views/users/index.html.erb:6
  Rendered users/index.html.erb within layouts/application (Duration: 1.6ms | Allocations: 735)
  Rendered layout layouts/application.html.erb (Duration: 5.5ms | Allocations: 2031)
Completed 200 OK in 9ms (Views: 6.0ms | ActiveRecord: 0.2ms | Allocations: 2314)


Started GET "/users/new" for ::1 at 2024-09-16 10:34:07 +0900
Processing by UsersController#new as HTML
  Rendering layout layouts/application.html.erb
  Rendering users/new.html.erb within layouts/application
  Rendered users/_form.html.erb (Duration: 1.1ms | Allocations: 933)
  Rendered users/new.html.erb within layouts/application (Duration: 1.5ms | Allocations: 1022)
  Rendered layout layouts/application.html.erb (Duration: 5.1ms | Allocations: 2314)
Completed 200 OK in 8ms (Views: 5.8ms | ActiveRecord: 0.0ms | Allocations: 2603)


Started POST "/users" for ::1 at 2024-09-16 10:34:36 +0900
Processing by UsersController#create as TURBO_STREAM
  Parameters: {"authenticity_token"=>"[FILTERED]", "user"=>{"name"=>"motomoto", "email"=>"cyokotomoto@gmail.com"}, "commit"=>"Create User"}
  [1m[36mTRANSACTION (0.1ms)[0m  [1m[36mbegin transaction[0m
  â†³ app/controllers/users_controller.rb:27:in `block in create'
  [1m[36mUser Create (1.7ms)[0m  [1m[32mINSERT INTO "users" ("name", "email", "created_at", "updated_at") VALUES (?, ?, ?, ?)[0m  [["name", "motomoto"], ["email", "cyokotomoto@gmail.com"], ["created_at", "2024-09-16 01:34:36.831778"], ["updated_at", "2024-09-16 01:34:36.831778"]]
  â†³ app/controllers/users_controller.rb:27:in `block in create'
  [1m[36mTRANSACTION (3.6ms)[0m  [1m[36mcommit transaction[0m
  â†³ app/controllers/users_controller.rb:27:in `block in create'
Redirected to http://localhost:3000/users/1
Completed 302 Found in 14ms (ActiveRecord: 5.4ms | Allocations: 3543)


Started GET "/users/1" for ::1 at 2024-09-16 10:34:36 +0900
Processing by UsersController#show as TURBO_STREAM
  Parameters: {"id"=>"1"}
  [1m[36mUser Load (0.2ms)[0m  [1m[34mSELECT "users".* FROM "users" WHERE "users"."id" = ? LIMIT ?[0m  [["id", 1], ["LIMIT", 1]]
  â†³ app/controllers/users_controller.rb:63:in `set_user'
  Rendering layout layouts/application.html.erb
  Rendering users/show.html.erb within layouts/application
  Rendered users/_user.html.erb (Duration: 1.0ms | Allocations: 188)
  Rendered users/show.html.erb within layouts/application (Duration: 16.6ms | Allocations: 1419)
  Rendered layout layouts/application.html.erb (Duration: 20.4ms | Allocations: 2706)
Completed 200 OK in 28ms (Views: 21.3ms | ActiveRecord: 0.2ms | Allocations: 3615)


Started GET "/users" for ::1 at 2024-09-16 10:34:42 +0900
Processing by UsersController#index as HTML
  Rendering layout layouts/application.html.erb
  Rendering users/index.html.erb within layouts/application
  [1m[36mUser Load (0.2ms)[0m  [1m[34mSELECT "users".* FROM "users"[0m
  â†³ app/views/users/index.html.erb:6
  Rendered users/_user.html.erb (Duration: 0.1ms | Allocations: 20)
  Rendered users/index.html.erb within layouts/application (Duration: 2.3ms | Allocations: 863)
  Rendered layout layouts/application.html.erb (Duration: 6.1ms | Allocations: 2155)
Completed 200 OK in 11ms (Views: 7.0ms | ActiveRecord: 0.2ms | Allocations: 2438)


Started GET "/users/1/edit" for ::1 at 2024-09-16 10:37:29 +0900
Processing by UsersController#edit as HTML
  Parameters: {"id"=>"1"}
  [1m[36mUser Load (0.2ms)[0m  [1m[34mSELECT "users".* FROM "users" WHERE "users"."id" = ? LIMIT ?[0m  [["id", 1], ["LIMIT", 1]]
  â†³ app/controllers/users_controller.rb:63:in `set_user'
  Rendering layout layouts/application.html.erb
  Rendering users/edit.html.erb within layouts/application
  Rendered users/_form.html.erb (Duration: 1.3ms | Allocations: 1047)
  Rendered users/edit.html.erb within layouts/application (Duration: 2.5ms | Allocations: 1323)
  Rendered layout layouts/application.html.erb (Duration: 6.6ms | Allocations: 2607)
Completed 200 OK in 13ms (Views: 7.4ms | ActiveRecord: 0.2ms | Allocations: 3424)


Started GET "/users" for ::1 at 2024-09-16 10:37:34 +0900
Processing by UsersController#index as HTML
  Rendering layout layouts/application.html.erb
  Rendering users/index.html.erb within layouts/application
  [1m[36mUser Load (0.2ms)[0m  [1m[34mSELECT "users".* FROM "users"[0m
  â†³ app/views/users/index.html.erb:6
  Rendered users/_user.html.erb (Duration: 0.1ms | Allocations: 20)
  Rendered users/index.html.erb within layouts/application (Duration: 2.3ms | Allocations: 859)
  Rendered layout layouts/application.html.erb (Duration: 5.8ms | Allocations: 2151)
Completed 200 OK in 10ms (Views: 7.0ms | ActiveRecord: 0.2ms | Allocations: 2434)


Started GET "/users/1" for ::1 at 2024-09-16 10:37:34 +0900
Processing by UsersController#show as HTML
  Parameters: {"id"=>"1"}
  [1m[36mUser Load (0.1ms)[0m  [1m[34mSELECT "users".* FROM "users" WHERE "users"."id" = ? LIMIT ?[0m  [["id", 1], ["LIMIT", 1]]
  â†³ app/controllers/users_controller.rb:63:in `set_user'
  Rendering layout layouts/application.html.erb
  Rendering users/show.html.erb within layouts/application
  Rendered users/_user.html.erb (Duration: 0.1ms | Allocations: 20)
  Rendered users/show.html.erb within layouts/application (Duration: 1.2ms | Allocations: 545)
  Rendered layout layouts/application.html.erb (Duration: 5.2ms | Allocations: 1829)
Completed 200 OK in 10ms (Views: 5.8ms | ActiveRecord: 0.1ms | Allocations: 2581)


Started GET "/users" for ::1 at 2024-09-16 10:37:47 +0900
Processing by UsersController#index as HTML
  Rendering layout layouts/application.html.erb
  Rendering users/index.html.erb within layouts/application
  [1m[36mUser Load (0.2ms)[0m  [1m[34mSELECT "users".* FROM "users"[0m
  â†³ app/views/users/index.html.erb:6
  Rendered users/_user.html.erb (Duration: 0.1ms | Allocations: 20)
  Rendered users/index.html.erb within layouts/application (Duration: 2.1ms | Allocations: 856)
  Rendered layout layouts/application.html.erb (Duration: 5.9ms | Allocations: 2148)
Completed 200 OK in 10ms (Views: 6.4ms | ActiveRecord: 0.2ms | Allocations: 2431)


Started GET "/users/new" for ::1 at 2024-09-16 10:37:48 +0900
Processing by UsersController#new as HTML
  Rendering layout layouts/application.html.erb
  Rendering users/new.html.erb within layouts/application
  Rendered users/_form.html.erb (Duration: 1.2ms | Allocations: 912)
  Rendered users/new.html.erb within layouts/application (Duration: 1.5ms | Allocations: 1001)
  Rendered layout layouts/application.html.erb (Duration: 5.0ms | Allocations: 2293)
Completed 200 OK in 9ms (Views: 5.7ms | ActiveRecord: 0.0ms | Allocations: 2582)


Started GET "/users" for ::1 at 2024-09-16 10:38:08 +0900
Processing by UsersController#index as HTML
  Rendering layout layouts/application.html.erb
  Rendering users/index.html.erb within layouts/application
  [1m[36mUser Load (0.2ms)[0m  [1m[34mSELECT "users".* FROM "users"[0m
  â†³ app/views/users/index.html.erb:6
  Rendered users/_user.html.erb (Duration: 0.1ms | Allocations: 20)
  Rendered users/index.html.erb within layouts/application (Duration: 6.9ms | Allocations: 863)
  Rendered layout layouts/application.html.erb (Duration: 11.1ms | Allocations: 2159)
Completed 200 OK in 15ms (Views: 11.7ms | ActiveRecord: 0.2ms | Allocations: 2442)


Started POST "/users" for ::1 at 2024-09-16 10:38:09 +0900
Processing by UsersController#create as TURBO_STREAM
  Parameters: {"authenticity_token"=>"[FILTERED]", "user"=>{"name"=>"ã¨ã‚‚ã¨ã‚‚", "email"=>"cyokotomoto@yahoo.co.jp"}, "commit"=>"Create User"}
  [1m[36mTRANSACTION (0.0ms)[0m  [1m[36mbegin transaction[0m
  â†³ app/controllers/users_controller.rb:27:in `block in create'
  [1m[36mUser Create (1.1ms)[0m  [1m[32mINSERT INTO "users" ("name", "email", "created_at", "updated_at") VALUES (?, ?, ?, ?)[0m  [["name", "ã¨ã‚‚ã¨ã‚‚"], ["email", "cyokotomoto@yahoo.co.jp"], ["created_at", "2024-09-16 01:38:09.121306"], ["updated_at", "2024-09-16 01:38:09.121306"]]
  â†³ app/controllers/users_controller.rb:27:in `block in create'
  [1m[36mTRANSACTION (3.6ms)[0m  [1m[36mcommit transaction[0m
  â†³ app/controllers/users_controller.rb:27:in `block in create'
Redirected to http://localhost:3000/users/2
Completed 302 Found in 12ms (ActiveRecord: 4.7ms | Allocations: 2243)


Started GET "/users/2" for ::1 at 2024-09-16 10:38:09 +0900
Processing by UsersController#show as TURBO_STREAM
  Parameters: {"id"=>"2"}
  [1m[36mUser Load (0.2ms)[0m  [1m[34mSELECT "users".* FROM "users" WHERE "users"."id" = ? LIMIT ?[0m  [["id", 2], ["LIMIT", 1]]
  â†³ app/controllers/users_controller.rb:63:in `set_user'
  Rendering layout layouts/application.html.erb
  Rendering users/show.html.erb within layouts/application
  Rendered users/_user.html.erb (Duration: 0.1ms | Allocations: 20)
  Rendered users/show.html.erb within layouts/application (Duration: 1.5ms | Allocations: 567)
  Rendered layout layouts/application.html.erb (Duration: 5.2ms | Allocations: 1855)
Completed 200 OK in 11ms (Views: 5.8ms | ActiveRecord: 0.2ms | Allocations: 2608)


Started GET "/users/2/edit" for ::1 at 2024-09-16 10:38:10 +0900
Processing by UsersController#edit as HTML
  Parameters: {"id"=>"2"}
  [1m[36mUser Load (0.2ms)[0m  [1m[34mSELECT "users".* FROM "users" WHERE "users"."id" = ? LIMIT ?[0m  [["id", 2], ["LIMIT", 1]]
  â†³ app/controllers/users_controller.rb:63:in `set_user'
  Rendering layout layouts/application.html.erb
  Rendering users/edit.html.erb within layouts/application
  Rendered users/_form.html.erb (Duration: 1.9ms | Allocations: 1019)
  Rendered users/edit.html.erb within layouts/application (Duration: 2.4ms | Allocations: 1143)
  Rendered layout layouts/application.html.erb (Duration: 6.1ms | Allocations: 2430)
Completed 200 OK in 11ms (Views: 6.8ms | ActiveRecord: 0.2ms | Allocations: 3182)


Started GET "/users/2/edit" for ::1 at 2024-09-16 10:38:12 +0900
Processing by UsersController#edit as HTML
  Parameters: {"id"=>"2"}
  [1m[36mUser Load (0.1ms)[0m  [1m[34mSELECT "users".* FROM "users" WHERE "users"."id" = ? LIMIT ?[0m  [["id", 2], ["LIMIT", 1]]
  â†³ app/controllers/users_controller.rb:63:in `set_user'
  Rendering layout layouts/application.html.erb
  Rendering users/edit.html.erb within layouts/application
  Rendered users/_form.html.erb (Duration: 1.3ms | Allocations: 999)
  Rendered users/edit.html.erb within layouts/application (Duration: 1.7ms | Allocations: 1123)
  Rendered layout layouts/application.html.erb (Duration: 5.4ms | Allocations: 2407)
Completed 200 OK in 10ms (Views: 6.1ms | ActiveRecord: 0.1ms | Allocations: 3159)


Started GET "/users" for ::1 at 2024-09-16 10:38:14 +0900
Processing by UsersController#index as HTML
  Rendering layout layouts/application.html.erb
  Rendering users/index.html.erb within layouts/application
  [1m[36mUser Load (0.2ms)[0m  [1m[34mSELECT "users".* FROM "users"[0m
  â†³ app/views/users/index.html.erb:6
  Rendered users/_user.html.erb (Duration: 0.1ms | Allocations: 20)
  Rendered users/_user.html.erb (Duration: 0.0ms | Allocations: 19)
  Rendered users/index.html.erb within layouts/application (Duration: 2.6ms | Allocations: 993)
  Rendered layout layouts/application.html.erb (Duration: 6.6ms | Allocations: 2285)
Completed 200 OK in 11ms (Views: 7.2ms | ActiveRecord: 0.2ms | Allocations: 2568)


Started GET "/users/2" for ::1 at 2024-09-16 10:38:32 +0900
Processing by UsersController#show as HTML
  Parameters: {"id"=>"2"}
  [1m[36mUser Load (0.2ms)[0m  [1m[34mSELECT "users".* FROM "users" WHERE "users"."id" = ? LIMIT ?[0m  [["id", 2], ["LIMIT", 1]]
  â†³ app/controllers/users_controller.rb:63:in `set_user'
  Rendering layout layouts/application.html.erb
  Rendering users/show.html.erb within layouts/application
  Rendered users/_user.html.erb (Duration: 0.1ms | Allocations: 20)
  Rendered users/show.html.erb within layouts/application (Duration: 1.1ms | Allocations: 545)
  Rendered layout layouts/application.html.erb (Duration: 4.9ms | Allocations: 1829)
Completed 200 OK in 10ms (Views: 5.7ms | ActiveRecord: 0.2ms | Allocations: 2581)


Started DELETE "/users/2" for ::1 at 2024-09-16 10:38:34 +0900
Processing by UsersController#destroy as TURBO_STREAM
  Parameters: {"authenticity_token"=>"[FILTERED]", "id"=>"2"}
  [1m[36mUser Load (0.2ms)[0m  [1m[34mSELECT "users".* FROM "users" WHERE "users"."id" = ? LIMIT ?[0m  [["id", 2], ["LIMIT", 1]]
  â†³ app/controllers/users_controller.rb:63:in `set_user'
  [1m[36mTRANSACTION (0.1ms)[0m  [1m[36mbegin transaction[0m
  â†³ app/controllers/users_controller.rb:52:in `destroy'
  [1m[36mUser Destroy (4.1ms)[0m  [1m[31mDELETE FROM "users" WHERE "users"."id" = ?[0m  [["id", 2]]
  â†³ app/controllers/users_controller.rb:52:in `destroy'
  [1m[36mTRANSACTION (4.5ms)[0m  [1m[36mcommit transaction[0m
  â†³ app/controllers/users_controller.rb:52:in `destroy'
Redirected to http://localhost:3000/users
Completed 302 Found in 17ms (ActiveRecord: 8.8ms | Allocations: 2453)


Started GET "/users" for ::1 at 2024-09-16 10:38:34 +0900
Processing by UsersController#index as TURBO_STREAM
  Rendering layout layouts/application.html.erb
  Rendering users/index.html.erb within layouts/application
  [1m[36mUser Load (0.2ms)[0m  [1m[34mSELECT "users".* FROM "users"[0m
  â†³ app/views/users/index.html.erb:6
  Rendered users/_user.html.erb (Duration: 0.1ms | Allocations: 20)
  Rendered users/index.html.erb within layouts/application (Duration: 2.3ms | Allocations: 901)
  Rendered layout layouts/application.html.erb (Duration: 5.8ms | Allocations: 2194)
Completed 200 OK in 9ms (Views: 6.3ms | ActiveRecord: 0.2ms | Allocations: 2478)


